<?xml version="1.0" encoding="utf-8"?>
<TestRun id="9363e680-c24f-4e13-9332-c1c576e3a812" name="magnu@THREADRIPPER 2026-03-16 01:32:32" runUser="THREADRIPPER\magnu" xmlns="http://microsoft.com/schemas/VisualStudio/TeamTest/2010">
  <Times creation="2026-03-16T01:32:32.0238571+01:00" queuing="2026-03-16T01:32:32.0238574+01:00" start="2026-03-16T01:32:26.7885808+01:00" finish="2026-03-16T01:32:32.0250425+01:00" />
  <TestSettings name="default" id="1df03ab2-863d-4f48-ad62-dadb7e97240c">
    <Deployment runDeploymentRoot="magnu_THREADRIPPER_2026-03-16_01_32_32" />
  </TestSettings>
  <TestLists>
    <TestList name="Results Not in a List" id="8c84fa94-04c1-424b-9868-57a2d4851a1d" />
    <TestList name="All Loaded Results" id="19431567-8539-422a-85d7-44ee4e166bda" />
  </TestLists>
  <ResultSummary outcome="Completed">
    <Counters total="0" executed="0" passed="0" failed="0" error="0" timeout="0" aborted="0" inconclusive="0" passedButRunAborted="0" notRunnable="0" notExecuted="0" disconnected="0" warning="0" completed="0" inProgress="0" pending="0" />
    <Output>
      <StdOut>[xUnit.net 00:00:00.00] xUnit.net VSTest Adapter v3.1.5+1b188a7b0a (64-bit .NET 10.0.4)&#xD;
[xUnit.net 00:00:01.77]   Discovering: Compze.Must.Specifications&#xD;
[xUnit.net 00:00:02.85]   Discovered:  Compze.Must.Specifications&#xD;
</StdOut>
    </Output>
    <RunInfos>
      <RunInfo computerName="THREADRIPPER" outcome="Warning" timestamp="2026-03-16T01:32:31.7974448+01:00">
        <Text>No test matches the given testcase filter `FullyQualifiedName~ICriticalSection_Cancellation_specification+When` in C:\Dev\Compze.worktrees\compze_worktree_2\test\Compze.Must.Specifications\bin\Debug\net10.0\Compze.Must.Specifications.dll</Text>
      </RunInfo>
    </RunInfos>
  </ResultSummary>
</TestRun>