<?xml version="1.0" encoding="utf-8"?>
<TestRun id="60359ddf-15bd-4315-8c28-8cdc65053873" name="magnu@THREADRIPPER 2026-03-16 01:32:34" runUser="THREADRIPPER\magnu" xmlns="http://microsoft.com/schemas/VisualStudio/TeamTest/2010">
  <Times creation="2026-03-16T01:32:34.3883182+01:00" queuing="2026-03-16T01:32:34.3883186+01:00" start="2026-03-16T01:32:30.9573523+01:00" finish="2026-03-16T01:32:34.3889947+01:00" />
  <TestSettings name="default" id="42b3bf2c-a532-476d-bba6-53aa2bfe45fd">
    <Deployment runDeploymentRoot="magnu_THREADRIPPER_2026-03-16_01_32_34" />
  </TestSettings>
  <TestLists>
    <TestList name="Results Not in a List" id="8c84fa94-04c1-424b-9868-57a2d4851a1d" />
    <TestList name="All Loaded Results" id="19431567-8539-422a-85d7-44ee4e166bda" />
  </TestLists>
  <ResultSummary outcome="Completed">
    <Counters total="0" executed="0" passed="0" failed="0" error="0" timeout="0" aborted="0" inconclusive="0" passedButRunAborted="0" notRunnable="0" notExecuted="0" disconnected="0" warning="0" completed="0" inProgress="0" pending="0" />
    <Output>
      <StdOut>[xUnit.net 00:00:00.00] xUnit.net VSTest Adapter v3.1.5+1b188a7b0a (64-bit .NET 10.0.4)&#xD;
[xUnit.net 00:00:00.56]   Discovering: Compze.Tests.Unit&#xD;
[xUnit.net 00:00:01.53]   Discovered:  Compze.Tests.Unit&#xD;
</StdOut>
    </Output>
    <RunInfos>
      <RunInfo computerName="THREADRIPPER" outcome="Warning" timestamp="2026-03-16T01:32:34.2793215+01:00">
        <Text>No test matches the given testcase filter `FullyQualifiedName~ICriticalSection_Cancellation_specification+When` in C:\Dev\Compze.worktrees\compze_worktree_2\test\Compze.Tests.Unit\bin\Debug\net10.0\Compze.Tests.Unit.dll</Text>
      </RunInfo>
    </RunInfos>
  </ResultSummary>
</TestRun>