<?xml version="1.0" encoding="utf-8"?>
<TestRun id="3c2f4168-7f87-41b0-b6fe-471f6d4d40c9" name="magnu@THREADRIPPER 2026-03-16 01:32:30" runUser="THREADRIPPER\magnu" xmlns="http://microsoft.com/schemas/VisualStudio/TeamTest/2010">
  <Times creation="2026-03-16T01:32:30.0857095+01:00" queuing="2026-03-16T01:32:30.0857103+01:00" start="2026-03-16T01:32:26.6516576+01:00" finish="2026-03-16T01:32:30.0866882+01:00" />
  <TestSettings name="default" id="ab9eb9f9-b288-404b-9109-e08f940eae39">
    <Deployment runDeploymentRoot="magnu_THREADRIPPER_2026-03-16_01_32_30" />
  </TestSettings>
  <TestLists>
    <TestList name="Results Not in a List" id="8c84fa94-04c1-424b-9868-57a2d4851a1d" />
    <TestList name="All Loaded Results" id="19431567-8539-422a-85d7-44ee4e166bda" />
  </TestLists>
  <ResultSummary outcome="Completed">
    <Counters total="0" executed="0" passed="0" failed="0" error="0" timeout="0" aborted="0" inconclusive="0" passedButRunAborted="0" notRunnable="0" notExecuted="0" disconnected="0" warning="0" completed="0" inProgress="0" pending="0" />
    <Output>
      <StdOut>[xUnit.net 00:00:00.00] xUnit.net VSTest Adapter v3.1.5+1b188a7b0a (64-bit .NET 10.0.4)&#xD;
[xUnit.net 00:00:00.79]   Discovering: Compze.Internals.Serialization.Newtonsoft.Specifications&#xD;
[xUnit.net 00:00:01.73]   Discovered:  Compze.Internals.Serialization.Newtonsoft.Specifications&#xD;
</StdOut>
    </Output>
    <RunInfos>
      <RunInfo computerName="THREADRIPPER" outcome="Warning" timestamp="2026-03-16T01:32:29.8650672+01:00">
        <Text>No test matches the given testcase filter `FullyQualifiedName~ICriticalSection_Cancellation_specification+When` in C:\Dev\Compze.worktrees\compze_worktree_2\test\Compze.Internals.Serialization.Newtonsoft.Specifications\bin\Debug\net10.0\Compze.Internals.Serialization.Newtonsoft.Specifications.dll</Text>
      </RunInfo>
    </RunInfos>
  </ResultSummary>
</TestRun>